
Inactive Modules:
  1) anaconda/3

Job started on Fri May  2 18:05:02 +08 2025
Running on node: popiah-pbs
Using GPU: Tesla P100-PCIE-16GB
Python executable: /mnt/mbi/home/phyzxi/.conda/envs/microbead-cnn/bin/python
/mnt/mbi/home/phyzxi/.conda/envs/microbead-cnn/lib/python3.9/site-packages/torch/cuda/__init__.py:129: UserWarning: CUDA initialization: The NVIDIA driver on your system is too old (found version 11000). Please update your GPU driver by downloading and installing a new version from the URL: http://www.nvidia.com/Download/index.aspx Alternatively, go to: https://pytorch.org to install a PyTorch version that has been compiled with your version of the CUDA driver. (Triggered internally at /pytorch/c10/cuda/CUDAFunctions.cpp:109.)
  return torch._C._cuda_getDeviceCount() > 0
Using device: cpu
Loaded 2016 image-density pairs from CSV
Loaded 2016 image-density pairs from CSV
Dataset split: 1411 training, 302 validation, 303 test samples

================================================================================
STARTING EXPERIMENT: Batch Size = 16, Filters = [32, 64, 128]
================================================================================

Model initialized with filters: [32, 64, 128]

Starting training...
Epoch 1/60, Train Loss: 9153382.7662, Val Loss: 1727634.0184
New best model saved with validation loss: 1727634.0184
Epoch 2/60, Train Loss: 8287534.1501, Val Loss: 1504486.2628
New best model saved with validation loss: 1504486.2628
Epoch 3/60, Train Loss: 6378857.6561, Val Loss: 692650.6912
New best model saved with validation loss: 692650.6912
Epoch 4/60, Train Loss: 4284850.1102, Val Loss: 496271.0315
New best model saved with validation loss: 496271.0315
Epoch 5/60, Train Loss: 2819909.9479, Val Loss: 159149.6150
New best model saved with validation loss: 159149.6150
Epoch 6/60, Train Loss: 2227821.9319, Val Loss: 154709.0352
New best model saved with validation loss: 154709.0352
Epoch 7/60, Train Loss: 1648960.9696, Val Loss: 141679.7327
New best model saved with validation loss: 141679.7327
Epoch 8/60, Train Loss: 1245217.1419, Val Loss: 32136.2614
New best model saved with validation loss: 32136.2614
Epoch 9/60, Train Loss: 1033383.3150, Val Loss: 66703.2815
No improvement for 1 epochs
Epoch 10/60, Train Loss: 855761.4497, Val Loss: 89948.1305
No improvement for 2 epochs
Epoch 11/60, Train Loss: 929730.4526, Val Loss: 46943.6961
No improvement for 3 epochs
Epoch 12/60, Train Loss: 810796.8565, Val Loss: 154660.6589
No improvement for 4 epochs
Epoch 13/60, Train Loss: 744135.3686, Val Loss: 213051.2485
No improvement for 5 epochs
Epoch 14/60, Train Loss: 718580.0952, Val Loss: 113245.7123
No improvement for 6 epochs
Epoch 15/60, Train Loss: 656890.2193, Val Loss: 82543.0775
No improvement for 7 epochs
Epoch 16/60, Train Loss: 659651.3296, Val Loss: 81961.1578
No improvement for 8 epochs
Epoch 17/60, Train Loss: 583339.8894, Val Loss: 84223.5073
No improvement for 9 epochs
Epoch 18/60, Train Loss: 499868.1664, Val Loss: 82979.2920
No improvement for 10 epochs
Epoch 19/60, Train Loss: 428857.1569, Val Loss: 121535.5644
No improvement for 11 epochs
Epoch 20/60, Train Loss: 700653.3598, Val Loss: 40216.2261
No improvement for 12 epochs
Epoch 21/60, Train Loss: 473025.1169, Val Loss: 77144.0002
No improvement for 13 epochs
Epoch 22/60, Train Loss: 559989.0830, Val Loss: 92038.3467
No improvement for 14 epochs
Epoch 23/60, Train Loss: 484408.5494, Val Loss: 57176.3927
No improvement for 15 epochs
Early stopping triggered after 23 epochs
Training completed in 17.68 minutes
Best validation loss: 32136.2614

Evaluating model performance...
Model Evaluation Metrics (Batch: 16, Filters: [32, 64, 128]):
Mean Squared Error: 315454.1562
Mean Absolute Error: 340.3264
R² Score: 0.9681

================================================================================
STARTING EXPERIMENT: Batch Size = 16, Filters = [16, 32, 64]
================================================================================

Model initialized with filters: [16, 32, 64]

Starting training...
Epoch 1/60, Train Loss: 9225523.6674, Val Loss: 1774774.9774
New best model saved with validation loss: 1774774.9774
Epoch 2/60, Train Loss: 8837894.4530, Val Loss: 1640169.6706
New best model saved with validation loss: 1640169.6706
Epoch 3/60, Train Loss: 7873694.4919, Val Loss: 1397832.3830
New best model saved with validation loss: 1397832.3830
Epoch 4/60, Train Loss: 6347767.0190, Val Loss: 782827.2113
New best model saved with validation loss: 782827.2113
Epoch 5/60, Train Loss: 4776868.6393, Val Loss: 377851.4556
New best model saved with validation loss: 377851.4556
Epoch 6/60, Train Loss: 3386271.4642, Val Loss: 318950.6917
New best model saved with validation loss: 318950.6917
Epoch 7/60, Train Loss: 2428967.8750, Val Loss: 181015.3974
New best model saved with validation loss: 181015.3974
Epoch 8/60, Train Loss: 1855530.6805, Val Loss: 67291.0383
New best model saved with validation loss: 67291.0383
Epoch 9/60, Train Loss: 1305018.9676, Val Loss: 169118.1580
No improvement for 1 epochs
Epoch 10/60, Train Loss: 1359463.4429, Val Loss: 125822.5475
No improvement for 2 epochs
Epoch 11/60, Train Loss: 1295804.2771, Val Loss: 128932.8253
No improvement for 3 epochs
Epoch 12/60, Train Loss: 1136690.1808, Val Loss: 58461.1204
New best model saved with validation loss: 58461.1204
Epoch 13/60, Train Loss: 769252.8687, Val Loss: 66399.9302
No improvement for 1 epochs
Epoch 14/60, Train Loss: 743110.7083, Val Loss: 150582.0208
No improvement for 2 epochs
Epoch 15/60, Train Loss: 734828.7216, Val Loss: 115602.6651
No improvement for 3 epochs
Epoch 16/60, Train Loss: 680151.6440, Val Loss: 90784.5933
No improvement for 4 epochs
Epoch 17/60, Train Loss: 693022.2405, Val Loss: 125430.6021
No improvement for 5 epochs
Epoch 18/60, Train Loss: 688554.9763, Val Loss: 98617.1186
No improvement for 6 epochs
Epoch 19/60, Train Loss: 737009.0983, Val Loss: 82367.9000
No improvement for 7 epochs
Epoch 20/60, Train Loss: 622220.5849, Val Loss: 162396.3821
No improvement for 8 epochs
Epoch 21/60, Train Loss: 742806.4929, Val Loss: 137476.1982
No improvement for 9 epochs
Epoch 22/60, Train Loss: 758475.3809, Val Loss: 69586.0239
No improvement for 10 epochs
Epoch 23/60, Train Loss: 642330.1226, Val Loss: 95828.6553
No improvement for 11 epochs
Epoch 24/60, Train Loss: 559807.7549, Val Loss: 116675.7120
No improvement for 12 epochs
Epoch 25/60, Train Loss: 592758.3820, Val Loss: 73343.0671
No improvement for 13 epochs
Epoch 26/60, Train Loss: 709060.9742, Val Loss: 198018.5559
No improvement for 14 epochs
Epoch 27/60, Train Loss: 475305.6253, Val Loss: 192315.5377
No improvement for 15 epochs
Early stopping triggered after 27 epochs
Training completed in 13.65 minutes
Best validation loss: 58461.1204

Evaluating model performance...
Model Evaluation Metrics (Batch: 16, Filters: [16, 32, 64]):
Mean Squared Error: 495857.9688
Mean Absolute Error: 376.5831
R² Score: 0.9499

================================================================================
STARTING EXPERIMENT: Batch Size = 16, Filters = [64, 128, 256]
================================================================================

Model initialized with filters: [64, 128, 256]

Starting training...
Epoch 1/60, Train Loss: 9051629.0895, Val Loss: 1688957.2768
New best model saved with validation loss: 1688957.2768
Epoch 2/60, Train Loss: 7614288.8656, Val Loss: 1132043.1121
New best model saved with validation loss: 1132043.1121
Epoch 3/60, Train Loss: 4682579.6537, Val Loss: 648495.2614
New best model saved with validation loss: 648495.2614
Epoch 4/60, Train Loss: 2547002.0079, Val Loss: 131904.3178
New best model saved with validation loss: 131904.3178
Epoch 5/60, Train Loss: 1765310.9216, Val Loss: 149856.4685
No improvement for 1 epochs
Epoch 6/60, Train Loss: 1413328.0067, Val Loss: 180282.8564
No improvement for 2 epochs
Epoch 7/60, Train Loss: 1288923.6924, Val Loss: 113999.1600
New best model saved with validation loss: 113999.1600
Epoch 8/60, Train Loss: 1257086.4799, Val Loss: 99617.6387
New best model saved with validation loss: 99617.6387
Epoch 9/60, Train Loss: 752352.0399, Val Loss: 42728.3627
New best model saved with validation loss: 42728.3627
Epoch 10/60, Train Loss: 722906.9146, Val Loss: 116193.4778
No improvement for 1 epochs
Epoch 11/60, Train Loss: 688026.6916, Val Loss: 132284.4467
No improvement for 2 epochs
Epoch 12/60, Train Loss: 584299.8379, Val Loss: 71679.0857
No improvement for 3 epochs
Epoch 13/60, Train Loss: 673566.9658, Val Loss: 102966.1943
No improvement for 4 epochs
Epoch 14/60, Train Loss: 609359.4377, Val Loss: 76186.3878
No improvement for 5 epochs
Epoch 15/60, Train Loss: 641282.3075, Val Loss: 35882.1270
New best model saved with validation loss: 35882.1270
Epoch 16/60, Train Loss: 643698.9952, Val Loss: 36708.5946
No improvement for 1 epochs
Epoch 17/60, Train Loss: 612081.4565, Val Loss: 48062.0049
No improvement for 2 epochs
Epoch 18/60, Train Loss: 612145.8924, Val Loss: 130102.4589
No improvement for 3 epochs
Epoch 19/60, Train Loss: 610338.9248, Val Loss: 115370.1719
No improvement for 4 epochs
Epoch 20/60, Train Loss: 576490.7189, Val Loss: 83802.2520
No improvement for 5 epochs
Epoch 21/60, Train Loss: 564831.9810, Val Loss: 55636.7334
No improvement for 6 epochs
Epoch 22/60, Train Loss: 578251.4710, Val Loss: 56487.5306
No improvement for 7 epochs
Epoch 23/60, Train Loss: 469311.3041, Val Loss: 76074.4707
No improvement for 8 epochs
Epoch 24/60, Train Loss: 508857.9907, Val Loss: 41400.6818
No improvement for 9 epochs
Epoch 25/60, Train Loss: 504442.9568, Val Loss: 108976.8189
No improvement for 10 epochs
Epoch 26/60, Train Loss: 618283.1704, Val Loss: 27984.4663
New best model saved with validation loss: 27984.4663
Epoch 27/60, Train Loss: 527530.1835, Val Loss: 49780.3399
No improvement for 1 epochs
Epoch 28/60, Train Loss: 574085.5366, Val Loss: 76936.2251
No improvement for 2 epochs
Epoch 29/60, Train Loss: 754791.8556, Val Loss: 71973.2530
No improvement for 3 epochs
Epoch 30/60, Train Loss: 487394.8824, Val Loss: 82393.8891
No improvement for 4 epochs
Epoch 31/60, Train Loss: 617898.3242, Val Loss: 46751.6456
No improvement for 5 epochs
Epoch 32/60, Train Loss: 537344.3450, Val Loss: 54269.1365
No improvement for 6 epochs
Epoch 33/60, Train Loss: 553733.8662, Val Loss: 39116.4284
No improvement for 7 epochs
Epoch 34/60, Train Loss: 434252.3665, Val Loss: 32891.2451
No improvement for 8 epochs
Epoch 35/60, Train Loss: 560328.3894, Val Loss: 39008.7414
No improvement for 9 epochs
Epoch 36/60, Train Loss: 639334.1163, Val Loss: 95308.7104
No improvement for 10 epochs
Epoch 37/60, Train Loss: 506919.4602, Val Loss: 73768.5984
No improvement for 11 epochs
Epoch 38/60, Train Loss: 590794.7140, Val Loss: 36800.2601
No improvement for 12 epochs
Epoch 39/60, Train Loss: 535421.9176, Val Loss: 162053.0402
No improvement for 13 epochs
Epoch 40/60, Train Loss: 626080.1815, Val Loss: 38753.7685
No improvement for 14 epochs
Epoch 41/60, Train Loss: 499858.1062, Val Loss: 35105.9451
No improvement for 15 epochs
Early stopping triggered after 41 epochs
Training completed in 64.91 minutes
Best validation loss: 27984.4663

Evaluating model performance...
Model Evaluation Metrics (Batch: 16, Filters: [64, 128, 256]):
Mean Squared Error: 231943.9531
Mean Absolute Error: 339.2829
R² Score: 0.9766

================================================================================
STARTING EXPERIMENT: Batch Size = 16, Filters = [128, 256, 512]
================================================================================

Model initialized with filters: [128, 256, 512]

Starting training...
Epoch 1/60, Train Loss: 8835734.3101, Val Loss: 1502436.7073
New best model saved with validation loss: 1502436.7073
Epoch 2/60, Train Loss: 6407984.8252, Val Loss: 819333.2138
New best model saved with validation loss: 819333.2138
Epoch 3/60, Train Loss: 3103655.8264, Val Loss: 156969.2699
New best model saved with validation loss: 156969.2699
Epoch 4/60, Train Loss: 1737538.4654, Val Loss: 76886.7773
New best model saved with validation loss: 76886.7773
Epoch 5/60, Train Loss: 1455286.2390, Val Loss: 36259.8786
New best model saved with validation loss: 36259.8786
Epoch 6/60, Train Loss: 1368611.6374, Val Loss: 45919.7575
No improvement for 1 epochs
Epoch 7/60, Train Loss: 932523.5867, Val Loss: 39955.8423
No improvement for 2 epochs
Epoch 8/60, Train Loss: 893780.1513, Val Loss: 159914.9687
No improvement for 3 epochs
Epoch 9/60, Train Loss: 884046.4036, Val Loss: 33944.5536
New best model saved with validation loss: 33944.5536
Epoch 10/60, Train Loss: 763725.4735, Val Loss: 165493.2453
No improvement for 1 epochs
Epoch 11/60, Train Loss: 755443.5540, Val Loss: 238059.2272
No improvement for 2 epochs
Epoch 12/60, Train Loss: 720223.7580, Val Loss: 75721.4787
No improvement for 3 epochs
Epoch 13/60, Train Loss: 737717.9696, Val Loss: 59546.7704
No improvement for 4 epochs
Epoch 14/60, Train Loss: 597696.7094, Val Loss: 35342.1275
No improvement for 5 epochs
Epoch 15/60, Train Loss: 733108.9269, Val Loss: 94658.0824
No improvement for 6 epochs
Epoch 16/60, Train Loss: 490612.7821, Val Loss: 47408.9896
No improvement for 7 epochs
Epoch 17/60, Train Loss: 476760.6338, Val Loss: 67738.4484
No improvement for 8 epochs
Epoch 18/60, Train Loss: 577813.4689, Val Loss: 68961.9569
No improvement for 9 epochs
Epoch 19/60, Train Loss: 596267.5303, Val Loss: 31512.5902
New best model saved with validation loss: 31512.5902
Epoch 20/60, Train Loss: 637763.6897, Val Loss: 28127.4188
New best model saved with validation loss: 28127.4188
Epoch 21/60, Train Loss: 575156.6929, Val Loss: 82404.0021
No improvement for 1 epochs
Epoch 22/60, Train Loss: 508406.7551, Val Loss: 43323.0463
No improvement for 2 epochs
Epoch 23/60, Train Loss: 557239.6380, Val Loss: 47122.4773
No improvement for 3 epochs
Epoch 24/60, Train Loss: 560889.4563, Val Loss: 94571.1251
No improvement for 4 epochs
Epoch 25/60, Train Loss: 580102.9849, Val Loss: 55490.5570
No improvement for 5 epochs
Epoch 26/60, Train Loss: 598865.0795, Val Loss: 119138.0466
No improvement for 6 epochs
Epoch 27/60, Train Loss: 590861.5727, Val Loss: 35878.2429
No improvement for 7 epochs
Epoch 28/60, Train Loss: 548348.6419, Val Loss: 91882.7887
No improvement for 8 epochs
Epoch 29/60, Train Loss: 641425.0665, Val Loss: 48777.3402
No improvement for 9 epochs
Epoch 30/60, Train Loss: 418953.7972, Val Loss: 220206.3129
No improvement for 10 epochs
Epoch 31/60, Train Loss: 571672.7481, Val Loss: 42982.1980
No improvement for 11 epochs
Epoch 32/60, Train Loss: 524014.9377, Val Loss: 42126.9007
No improvement for 12 epochs
Epoch 33/60, Train Loss: 519003.0231, Val Loss: 93122.7831
No improvement for 13 epochs
Epoch 34/60, Train Loss: 475868.4547, Val Loss: 57794.6514
No improvement for 14 epochs
Epoch 35/60, Train Loss: 441532.9280, Val Loss: 22639.5933
New best model saved with validation loss: 22639.5933
Epoch 36/60, Train Loss: 592082.2579, Val Loss: 29301.0042
No improvement for 1 epochs
Epoch 37/60, Train Loss: 471963.6488, Val Loss: 96218.1152
No improvement for 2 epochs
Epoch 38/60, Train Loss: 445384.9278, Val Loss: 35579.7934
No improvement for 3 epochs
Epoch 39/60, Train Loss: 564423.5057, Val Loss: 53393.6357
No improvement for 4 epochs
Epoch 40/60, Train Loss: 459052.3782, Val Loss: 83388.9074
No improvement for 5 epochs
Epoch 41/60, Train Loss: 522422.8085, Val Loss: 68265.8336
No improvement for 6 epochs
Epoch 42/60, Train Loss: 518879.9582, Val Loss: 78187.7534
No improvement for 7 epochs
Epoch 43/60, Train Loss: 510116.5683, Val Loss: 62717.6270
No improvement for 8 epochs
Epoch 44/60, Train Loss: 421029.1158, Val Loss: 59642.5102
No improvement for 9 epochs
Epoch 45/60, Train Loss: 616720.2336, Val Loss: 27368.8332
No improvement for 10 epochs
Epoch 46/60, Train Loss: 419858.3807, Val Loss: 29863.3477
No improvement for 11 epochs
Epoch 47/60, Train Loss: 526679.9624, Val Loss: 166466.2803
No improvement for 12 epochs
Epoch 48/60, Train Loss: 472685.8202, Val Loss: 51540.1068
No improvement for 13 epochs
Epoch 49/60, Train Loss: 605120.8590, Val Loss: 77262.5024
No improvement for 14 epochs
Epoch 50/60, Train Loss: 486625.4559, Val Loss: 43652.5514
No improvement for 15 epochs
Early stopping triggered after 50 epochs
Training completed in 174.26 minutes
Best validation loss: 22639.5933

Evaluating model performance...
Model Evaluation Metrics (Batch: 16, Filters: [128, 256, 512]):
Mean Squared Error: 214850.6719
Mean Absolute Error: 315.2105
R² Score: 0.9783

================================================================================
STARTING EXPERIMENT: Batch Size = 32, Filters = [32, 64, 128]
================================================================================

Model initialized with filters: [32, 64, 128]

Starting training...
Epoch 1/60, Train Loss: 9241746.4077, Val Loss: 1808415.1677
New best model saved with validation loss: 1808415.1677
Epoch 2/60, Train Loss: 9011901.8413, Val Loss: 1695865.8346
New best model saved with validation loss: 1695865.8346
Epoch 3/60, Train Loss: 8422285.7956, Val Loss: 1630243.0476
New best model saved with validation loss: 1630243.0476
Epoch 4/60, Train Loss: 7455619.5156, Val Loss: 1347312.7222
New best model saved with validation loss: 1347312.7222
Epoch 5/60, Train Loss: 6171376.1450, Val Loss: 934293.7162
New best model saved with validation loss: 934293.7162
Epoch 6/60, Train Loss: 4575555.8874, Val Loss: 766816.3016
New best model saved with validation loss: 766816.3016
Epoch 7/60, Train Loss: 3346261.4869, Val Loss: 607888.8003
New best model saved with validation loss: 607888.8003
Epoch 8/60, Train Loss: 2419758.9996, Val Loss: 484382.5699
New best model saved with validation loss: 484382.5699
Epoch 9/60, Train Loss: 1652137.9267, Val Loss: 130540.8914
New best model saved with validation loss: 130540.8914
Epoch 10/60, Train Loss: 1337765.1429, Val Loss: 43188.0593
New best model saved with validation loss: 43188.0593
Epoch 11/60, Train Loss: 1196318.9033, Val Loss: 98169.0097
No improvement for 1 epochs
Epoch 12/60, Train Loss: 1163701.8641, Val Loss: 50208.9974
No improvement for 2 epochs
Epoch 13/60, Train Loss: 1221814.6241, Val Loss: 36668.6842
New best model saved with validation loss: 36668.6842
Epoch 14/60, Train Loss: 942442.1422, Val Loss: 45990.0466
No improvement for 1 epochs
Epoch 15/60, Train Loss: 870221.3812, Val Loss: 78725.3129
No improvement for 2 epochs
Epoch 16/60, Train Loss: 1132852.0789, Val Loss: 82248.2580
No improvement for 3 epochs
Epoch 17/60, Train Loss: 1066947.4283, Val Loss: 76784.9673
No improvement for 4 epochs
Epoch 18/60, Train Loss: 892336.5428, Val Loss: 76934.7305
No improvement for 5 epochs
Epoch 19/60, Train Loss: 823257.9672, Val Loss: 131578.5368
No improvement for 6 epochs
Epoch 20/60, Train Loss: 711569.7232, Val Loss: 81154.9815
No improvement for 7 epochs
Epoch 21/60, Train Loss: 671303.0223, Val Loss: 23403.7387
New best model saved with validation loss: 23403.7387
Epoch 22/60, Train Loss: 652675.3469, Val Loss: 47411.4510
No improvement for 1 epochs
Epoch 23/60, Train Loss: 793396.9033, Val Loss: 32607.2197
No improvement for 2 epochs
Epoch 24/60, Train Loss: 721970.2705, Val Loss: 33155.5126
No improvement for 3 epochs
Epoch 25/60, Train Loss: 634698.1974, Val Loss: 43359.5111
No improvement for 4 epochs
Epoch 26/60, Train Loss: 647326.5910, Val Loss: 109105.3220
No improvement for 5 epochs
Epoch 27/60, Train Loss: 647974.9186, Val Loss: 64584.2245
No improvement for 6 epochs
Epoch 28/60, Train Loss: 545522.7512, Val Loss: 56702.6251
No improvement for 7 epochs
Epoch 29/60, Train Loss: 496743.4983, Val Loss: 22501.7832
New best model saved with validation loss: 22501.7832
Epoch 30/60, Train Loss: 541445.5302, Val Loss: 28716.7365
No improvement for 1 epochs
Epoch 31/60, Train Loss: 535637.3242, Val Loss: 35852.6043
No improvement for 2 epochs
Epoch 32/60, Train Loss: 481130.5092, Val Loss: 34496.5372
No improvement for 3 epochs
Epoch 33/60, Train Loss: 466103.4395, Val Loss: 30452.5509
No improvement for 4 epochs
Epoch 34/60, Train Loss: 539636.3307, Val Loss: 36479.5568
No improvement for 5 epochs
Epoch 35/60, Train Loss: 464422.4406, Val Loss: 38390.6429
No improvement for 6 epochs
Epoch 36/60, Train Loss: 550786.5478, Val Loss: 47298.7813
No improvement for 7 epochs
Epoch 37/60, Train Loss: 511755.3630, Val Loss: 22325.8331
New best model saved with validation loss: 22325.8331
Epoch 38/60, Train Loss: 572204.4849, Val Loss: 57384.2990
No improvement for 1 epochs
Epoch 39/60, Train Loss: 382670.4620, Val Loss: 151557.6917
No improvement for 2 epochs
Epoch 40/60, Train Loss: 528629.7578, Val Loss: 30969.6059
No improvement for 3 epochs
Epoch 41/60, Train Loss: 476803.0181, Val Loss: 60479.8399
No improvement for 4 epochs
Epoch 42/60, Train Loss: 492232.3468, Val Loss: 42187.5464
No improvement for 5 epochs
Epoch 43/60, Train Loss: 485953.4217, Val Loss: 87432.2730
No improvement for 6 epochs
Epoch 44/60, Train Loss: 422733.4737, Val Loss: 78839.9989
No improvement for 7 epochs
Epoch 45/60, Train Loss: 466217.7931, Val Loss: 28223.7303
No improvement for 8 epochs
Epoch 46/60, Train Loss: 455506.9636, Val Loss: 54178.5032
No improvement for 9 epochs
Epoch 47/60, Train Loss: 529969.2603, Val Loss: 24051.6026
No improvement for 10 epochs
Epoch 48/60, Train Loss: 467415.5582, Val Loss: 39296.8339
No improvement for 11 epochs
Epoch 49/60, Train Loss: 415489.2276, Val Loss: 88291.4058
No improvement for 12 epochs
Epoch 50/60, Train Loss: 463314.5980, Val Loss: 23487.3301
No improvement for 13 epochs
Epoch 51/60, Train Loss: 456688.8155, Val Loss: 45002.7024
No improvement for 14 epochs
Epoch 52/60, Train Loss: 447086.9338, Val Loss: 39666.0274
No improvement for 15 epochs
Early stopping triggered after 52 epochs
Training completed in 34.14 minutes
Best validation loss: 22325.8331

Evaluating model performance...
Model Evaluation Metrics (Batch: 32, Filters: [32, 64, 128]):
Mean Squared Error: 236059.3594
Mean Absolute Error: 316.1351
R² Score: 0.9761

================================================================================
STARTING EXPERIMENT: Batch Size = 32, Filters = [16, 32, 64]
================================================================================

Model initialized with filters: [16, 32, 64]

Starting training...
Epoch 1/60, Train Loss: 9258379.5920, Val Loss: 1814529.4494
New best model saved with validation loss: 1814529.4494
Epoch 2/60, Train Loss: 9151613.7082, Val Loss: 1764116.5192
New best model saved with validation loss: 1764116.5192
Epoch 3/60, Train Loss: 8859651.0266, Val Loss: 1664846.8790
New best model saved with validation loss: 1664846.8790
Epoch 4/60, Train Loss: 8348567.2155, Val Loss: 1555402.2480
New best model saved with validation loss: 1555402.2480
Epoch 5/60, Train Loss: 7578019.4561, Val Loss: 1334825.4975
New best model saved with validation loss: 1334825.4975
Epoch 6/60, Train Loss: 6700773.5238, Val Loss: 1049587.6364
New best model saved with validation loss: 1049587.6364
Epoch 7/60, Train Loss: 5508388.0322, Val Loss: 989770.3309
New best model saved with validation loss: 989770.3309
Epoch 8/60, Train Loss: 4266818.5952, Val Loss: 605665.4159
New best model saved with validation loss: 605665.4159
Epoch 9/60, Train Loss: 3158585.7143, Val Loss: 381648.7743
New best model saved with validation loss: 381648.7743
Epoch 10/60, Train Loss: 2273920.6730, Val Loss: 208944.1847
New best model saved with validation loss: 208944.1847
Epoch 11/60, Train Loss: 1748108.4560, Val Loss: 106204.7072
New best model saved with validation loss: 106204.7072
Epoch 12/60, Train Loss: 1405982.8854, Val Loss: 56961.2841
New best model saved with validation loss: 56961.2841
Epoch 13/60, Train Loss: 967786.2703, Val Loss: 47068.5790
New best model saved with validation loss: 47068.5790
Epoch 14/60, Train Loss: 1213773.7425, Val Loss: 78357.1174
No improvement for 1 epochs
Epoch 15/60, Train Loss: 1301615.6381, Val Loss: 51515.8171
No improvement for 2 epochs
Epoch 16/60, Train Loss: 1045670.7733, Val Loss: 58609.1412
No improvement for 3 epochs
Epoch 17/60, Train Loss: 861487.5507, Val Loss: 83726.9183
No improvement for 4 epochs
Epoch 18/60, Train Loss: 700546.0195, Val Loss: 50955.4190
No improvement for 5 epochs
Epoch 19/60, Train Loss: 594355.2944, Val Loss: 38127.4941
New best model saved with validation loss: 38127.4941
Epoch 20/60, Train Loss: 813662.9555, Val Loss: 59133.3819
No improvement for 1 epochs
Epoch 21/60, Train Loss: 1010306.9296, Val Loss: 78209.3830
No improvement for 2 epochs
Epoch 22/60, Train Loss: 784617.9196, Val Loss: 39233.8529
No improvement for 3 epochs
Epoch 23/60, Train Loss: 829091.9055, Val Loss: 46752.6190
No improvement for 4 epochs
Epoch 24/60, Train Loss: 569812.2120, Val Loss: 121932.7778
No improvement for 5 epochs
Epoch 25/60, Train Loss: 765045.6605, Val Loss: 64507.3218
No improvement for 6 epochs
Epoch 26/60, Train Loss: 840055.0885, Val Loss: 91357.3323
No improvement for 7 epochs
Epoch 27/60, Train Loss: 737112.9366, Val Loss: 50324.3167
No improvement for 8 epochs
Epoch 28/60, Train Loss: 662337.7442, Val Loss: 90154.4432
No improvement for 9 epochs
Epoch 29/60, Train Loss: 694964.8361, Val Loss: 82724.6856
No improvement for 10 epochs
Epoch 30/60, Train Loss: 516790.2571, Val Loss: 31628.9541
New best model saved with validation loss: 31628.9541
Epoch 31/60, Train Loss: 523244.3160, Val Loss: 126660.0139
No improvement for 1 epochs
Epoch 32/60, Train Loss: 508285.3041, Val Loss: 45610.0516
No improvement for 2 epochs
Epoch 33/60, Train Loss: 490904.7457, Val Loss: 52497.7402
No improvement for 3 epochs
Epoch 34/60, Train Loss: 452385.0147, Val Loss: 34310.7007
No improvement for 4 epochs
Epoch 35/60, Train Loss: 755130.1884, Val Loss: 79954.7695
No improvement for 5 epochs
Epoch 36/60, Train Loss: 471537.9269, Val Loss: 34384.0659
No improvement for 6 epochs
Epoch 37/60, Train Loss: 503167.3912, Val Loss: 44406.9083
No improvement for 7 epochs
Epoch 38/60, Train Loss: 447570.0841, Val Loss: 107602.0382
No improvement for 8 epochs
Epoch 39/60, Train Loss: 579119.3956, Val Loss: 48751.3933
No improvement for 9 epochs
Epoch 40/60, Train Loss: 570658.5612, Val Loss: 56822.0008
No improvement for 10 epochs
Epoch 41/60, Train Loss: 513355.3275, Val Loss: 70725.6481
No improvement for 11 epochs
Epoch 42/60, Train Loss: 438323.0704, Val Loss: 150910.1951
No improvement for 12 epochs
Epoch 43/60, Train Loss: 552108.1160, Val Loss: 25522.1108
New best model saved with validation loss: 25522.1108
Epoch 44/60, Train Loss: 559650.7200, Val Loss: 23320.3831
New best model saved with validation loss: 23320.3831
Epoch 45/60, Train Loss: 465216.3243, Val Loss: 27132.4878
No improvement for 1 epochs
Epoch 46/60, Train Loss: 475050.7535, Val Loss: 39324.2613
No improvement for 2 epochs
Epoch 47/60, Train Loss: 431331.4757, Val Loss: 22147.5872
New best model saved with validation loss: 22147.5872
Epoch 48/60, Train Loss: 453218.8502, Val Loss: 25654.4578
No improvement for 1 epochs
Epoch 49/60, Train Loss: 410373.9691, Val Loss: 51089.5124
No improvement for 2 epochs
Epoch 50/60, Train Loss: 423502.8578, Val Loss: 125791.9123
No improvement for 3 epochs
Epoch 51/60, Train Loss: 385367.7936, Val Loss: 39437.0533
No improvement for 4 epochs
Epoch 52/60, Train Loss: 404699.0257, Val Loss: 36871.1216
No improvement for 5 epochs
Epoch 53/60, Train Loss: 347121.2175, Val Loss: 44583.8838
No improvement for 6 epochs
Epoch 54/60, Train Loss: 410082.7242, Val Loss: 167118.6078
No improvement for 7 epochs
Epoch 55/60, Train Loss: 372974.5975, Val Loss: 30770.0170
No improvement for 8 epochs
Epoch 56/60, Train Loss: 414796.0237, Val Loss: 81517.5265
No improvement for 9 epochs
Epoch 57/60, Train Loss: 402993.3106, Val Loss: 27676.2092
No improvement for 10 epochs
Epoch 58/60, Train Loss: 427389.5816, Val Loss: 83768.8553
No improvement for 11 epochs
Epoch 59/60, Train Loss: 512517.0818, Val Loss: 107622.5621
No improvement for 12 epochs
Epoch 60/60, Train Loss: 433067.5713, Val Loss: 66744.7893
No improvement for 13 epochs
Training completed in 24.13 minutes
Best validation loss: 22147.5872

Evaluating model performance...
Model Evaluation Metrics (Batch: 32, Filters: [16, 32, 64]):
Mean Squared Error: 193528.1250
Mean Absolute Error: 265.1579
R² Score: 0.9804

================================================================================
STARTING EXPERIMENT: Batch Size = 32, Filters = [64, 128, 256]
================================================================================

Model initialized with filters: [64, 128, 256]

Starting training...
Epoch 1/60, Train Loss: 9226359.2037, Val Loss: 1787211.2143
New best model saved with validation loss: 1787211.2143
Epoch 2/60, Train Loss: 8834370.4025, Val Loss: 1599426.0129
New best model saved with validation loss: 1599426.0129
Epoch 3/60, Train Loss: 7884622.0327, Val Loss: 1405147.8790
New best model saved with validation loss: 1405147.8790
Epoch 4/60, Train Loss: 6379993.8167, Val Loss: 1052712.2624
New best model saved with validation loss: 1052712.2624
Epoch 5/60, Train Loss: 4508136.8328, Val Loss: 719968.5278
New best model saved with validation loss: 719968.5278
Epoch 6/60, Train Loss: 2989249.9381, Val Loss: 338612.9586
New best model saved with validation loss: 338612.9586
Epoch 7/60, Train Loss: 2109190.1349, Val Loss: 141560.0524
New best model saved with validation loss: 141560.0524
Epoch 8/60, Train Loss: 1295118.0499, Val Loss: 81683.7055
New best model saved with validation loss: 81683.7055
Epoch 9/60, Train Loss: 1225874.0236, Val Loss: 285223.3867
No improvement for 1 epochs
Epoch 10/60, Train Loss: 1271219.1627, Val Loss: 107770.7379
No improvement for 2 epochs
Epoch 11/60, Train Loss: 1136313.0635, Val Loss: 73204.0844
New best model saved with validation loss: 73204.0844
Epoch 12/60, Train Loss: 945726.4394, Val Loss: 159067.8883
No improvement for 1 epochs
Epoch 13/60, Train Loss: 1137806.1158, Val Loss: 30028.1738
New best model saved with validation loss: 30028.1738
Epoch 14/60, Train Loss: 930086.6146, Val Loss: 31229.5247
No improvement for 1 epochs
Epoch 15/60, Train Loss: 808714.4240, Val Loss: 85694.7149
No improvement for 2 epochs
Epoch 16/60, Train Loss: 799564.9587, Val Loss: 38039.4169
No improvement for 3 epochs
Epoch 17/60, Train Loss: 715798.8138, Val Loss: 70500.7675
No improvement for 4 epochs
Epoch 18/60, Train Loss: 733341.5164, Val Loss: 24465.3197
New best model saved with validation loss: 24465.3197
Epoch 19/60, Train Loss: 678664.2426, Val Loss: 115526.1885
No improvement for 1 epochs
Epoch 20/60, Train Loss: 696648.8068, Val Loss: 97131.1197
No improvement for 2 epochs
Epoch 21/60, Train Loss: 719617.2929, Val Loss: 38590.4085
No improvement for 3 epochs
Epoch 22/60, Train Loss: 761720.2919, Val Loss: 54712.6263
No improvement for 4 epochs
Epoch 23/60, Train Loss: 692159.1776, Val Loss: 36617.5574
No improvement for 5 epochs
Epoch 24/60, Train Loss: 702208.3212, Val Loss: 139399.4499
No improvement for 6 epochs
Epoch 25/60, Train Loss: 604003.0085, Val Loss: 114718.4956
No improvement for 7 epochs
Epoch 26/60, Train Loss: 625194.4123, Val Loss: 33271.8969
No improvement for 8 epochs
Epoch 27/60, Train Loss: 604119.6046, Val Loss: 29187.1251
No improvement for 9 epochs
Epoch 28/60, Train Loss: 546304.7626, Val Loss: 29149.7015
No improvement for 10 epochs
Epoch 29/60, Train Loss: 644455.2873, Val Loss: 69754.2279
No improvement for 11 epochs
Epoch 30/60, Train Loss: 529935.6103, Val Loss: 40232.8199
No improvement for 12 epochs
Epoch 31/60, Train Loss: 557639.3930, Val Loss: 40720.7900
No improvement for 13 epochs
Epoch 32/60, Train Loss: 666903.6884, Val Loss: 47810.2212
No improvement for 14 epochs
Epoch 33/60, Train Loss: 672021.2902, Val Loss: 81078.2508
No improvement for 15 epochs
Early stopping triggered after 33 epochs
Training completed in 49.58 minutes
Best validation loss: 24465.3197

Evaluating model performance...
Model Evaluation Metrics (Batch: 32, Filters: [64, 128, 256]):
Mean Squared Error: 197512.7500
Mean Absolute Error: 248.6444
R² Score: 0.9800

================================================================================
STARTING EXPERIMENT: Batch Size = 32, Filters = [128, 256, 512]
================================================================================

Model initialized with filters: [128, 256, 512]

Starting training...
Epoch 1/60, Train Loss: 9152169.8965, Val Loss: 1766701.0987
New best model saved with validation loss: 1766701.0987
Epoch 2/60, Train Loss: 8355215.7889, Val Loss: 1340309.2093
New best model saved with validation loss: 1340309.2093
Epoch 3/60, Train Loss: 6624570.4946, Val Loss: 1130693.9425
New best model saved with validation loss: 1130693.9425
Epoch 4/60, Train Loss: 4287947.2820, Val Loss: 631385.8011
New best model saved with validation loss: 631385.8011
Epoch 5/60, Train Loss: 2399938.2706, Val Loss: 61867.3632
New best model saved with validation loss: 61867.3632
Epoch 6/60, Train Loss: 1308300.3142, Val Loss: 72787.7937
No improvement for 1 epochs
Epoch 7/60, Train Loss: 1052346.8528, Val Loss: 67067.2589
No improvement for 2 epochs
Epoch 8/60, Train Loss: 1063854.3331, Val Loss: 102481.9894
No improvement for 3 epochs
Epoch 9/60, Train Loss: 1068708.2750, Val Loss: 39408.4853
New best model saved with validation loss: 39408.4853
Epoch 10/60, Train Loss: 1046203.0050, Val Loss: 67223.2281
No improvement for 1 epochs
Epoch 11/60, Train Loss: 1129407.0100, Val Loss: 45428.2239
No improvement for 2 epochs
Epoch 12/60, Train Loss: 1003087.9349, Val Loss: 96507.7144
No improvement for 3 epochs
Epoch 13/60, Train Loss: 943675.8014, Val Loss: 46317.8983
No improvement for 4 epochs
Epoch 14/60, Train Loss: 702538.3503, Val Loss: 37611.4788
New best model saved with validation loss: 37611.4788
Epoch 15/60, Train Loss: 793965.6852, Val Loss: 43137.6400
No improvement for 1 epochs
Epoch 16/60, Train Loss: 799620.6272, Val Loss: 97383.1511
No improvement for 2 epochs
Epoch 17/60, Train Loss: 653865.0823, Val Loss: 22168.4682
New best model saved with validation loss: 22168.4682
Epoch 18/60, Train Loss: 599962.9754, Val Loss: 30115.3389
No improvement for 1 epochs
Epoch 19/60, Train Loss: 682706.4146, Val Loss: 33970.8887
No improvement for 2 epochs
Epoch 20/60, Train Loss: 773315.2576, Val Loss: 25454.4282
No improvement for 3 epochs
Epoch 21/60, Train Loss: 629960.4891, Val Loss: 28971.0001
No improvement for 4 epochs
Epoch 22/60, Train Loss: 598628.7288, Val Loss: 26428.2082
No improvement for 5 epochs
Epoch 23/60, Train Loss: 559206.9966, Val Loss: 33764.4516
No improvement for 6 epochs
Epoch 24/60, Train Loss: 573043.9842, Val Loss: 39020.2201
No improvement for 7 epochs
Epoch 25/60, Train Loss: 583300.1722, Val Loss: 16139.7556
New best model saved with validation loss: 16139.7556
Epoch 26/60, Train Loss: 529300.6212, Val Loss: 54894.7694
No improvement for 1 epochs
Epoch 27/60, Train Loss: 642225.7692, Val Loss: 49325.3144
No improvement for 2 epochs
Epoch 28/60, Train Loss: 595717.1977, Val Loss: 27290.2336
No improvement for 3 epochs
Epoch 29/60, Train Loss: 552306.6287, Val Loss: 55254.3575
No improvement for 4 epochs
Epoch 30/60, Train Loss: 591436.4589, Val Loss: 31229.8317
No improvement for 5 epochs
Epoch 31/60, Train Loss: 452319.2517, Val Loss: 60902.8918
No improvement for 6 epochs
Epoch 32/60, Train Loss: 651786.4553, Val Loss: 25989.5185
No improvement for 7 epochs
Epoch 33/60, Train Loss: 378160.2179, Val Loss: 21214.3649
No improvement for 8 epochs
Epoch 34/60, Train Loss: 563251.5315, Val Loss: 20712.3526
No improvement for 9 epochs
Epoch 35/60, Train Loss: 626031.0878, Val Loss: 37668.7820
No improvement for 10 epochs
Epoch 36/60, Train Loss: 709349.4027, Val Loss: 19908.1568
No improvement for 11 epochs
Epoch 37/60, Train Loss: 532943.5509, Val Loss: 63623.7377
No improvement for 12 epochs
Epoch 38/60, Train Loss: 626480.5815, Val Loss: 28565.7346
No improvement for 13 epochs
Epoch 39/60, Train Loss: 609407.6975, Val Loss: 41002.4766
No improvement for 14 epochs
Epoch 40/60, Train Loss: 501638.1590, Val Loss: 23943.5614
No improvement for 15 epochs
Early stopping triggered after 40 epochs
Training completed in 132.82 minutes
Best validation loss: 16139.7556

Evaluating model performance...
Model Evaluation Metrics (Batch: 32, Filters: [128, 256, 512]):
Mean Squared Error: 110733.9766
Mean Absolute Error: 184.4666
R² Score: 0.9888

================================================================================
STARTING EXPERIMENT: Batch Size = 64, Filters = [32, 64, 128]
================================================================================

Model initialized with filters: [32, 64, 128]

Starting training...
Epoch 1/60, Train Loss: 9265145.7880, Val Loss: 1820836.8743
New best model saved with validation loss: 1820836.8743
Epoch 2/60, Train Loss: 9206864.7055, Val Loss: 1806939.1114
New best model saved with validation loss: 1806939.1114
Epoch 3/60, Train Loss: 9061845.8416, Val Loss: 1752883.1319
New best model saved with validation loss: 1752883.1319
Epoch 4/60, Train Loss: 8835507.1419, Val Loss: 1671876.3393
New best model saved with validation loss: 1671876.3393
Epoch 5/60, Train Loss: 8493011.2674, Val Loss: 1615412.6111
New best model saved with validation loss: 1615412.6111
Epoch 6/60, Train Loss: 8015835.9820, Val Loss: 1499611.7832
New best model saved with validation loss: 1499611.7832
Epoch 7/60, Train Loss: 7469262.4537, Val Loss: 1332265.3472
New best model saved with validation loss: 1332265.3472
Epoch 8/60, Train Loss: 6840087.3117, Val Loss: 1125382.1806
New best model saved with validation loss: 1125382.1806
Epoch 9/60, Train Loss: 6036366.8958, Val Loss: 955807.3141
New best model saved with validation loss: 955807.3141
Epoch 10/60, Train Loss: 5263212.2778, Val Loss: 976892.5893
No improvement for 1 epochs
Epoch 11/60, Train Loss: 4387341.4499, Val Loss: 633970.3966
New best model saved with validation loss: 633970.3966
Epoch 12/60, Train Loss: 3540288.3749, Val Loss: 465624.6659
New best model saved with validation loss: 465624.6659
Epoch 13/60, Train Loss: 3002428.4118, Val Loss: 393206.0446
New best model saved with validation loss: 393206.0446
Epoch 14/60, Train Loss: 2342273.4435, Val Loss: 346129.0224
New best model saved with validation loss: 346129.0224
Epoch 15/60, Train Loss: 1585874.5341, Val Loss: 270587.9611
New best model saved with validation loss: 270587.9611
Epoch 16/60, Train Loss: 1508635.1141, Val Loss: 293873.5573
No improvement for 1 epochs
Epoch 17/60, Train Loss: 1434963.9650, Val Loss: 281136.8423
No improvement for 2 epochs
Epoch 18/60, Train Loss: 1105682.8042, Val Loss: 47561.9643
New best model saved with validation loss: 47561.9643
Epoch 19/60, Train Loss: 914190.7848, Val Loss: 103542.6042
No improvement for 1 epochs
Epoch 20/60, Train Loss: 775058.1835, Val Loss: 34308.6498
New best model saved with validation loss: 34308.6498
Epoch 21/60, Train Loss: 886688.9940, Val Loss: 128908.4669
No improvement for 1 epochs
Epoch 22/60, Train Loss: 601886.6011, Val Loss: 72453.4608
No improvement for 2 epochs
Epoch 23/60, Train Loss: 651778.9599, Val Loss: 53318.5614
No improvement for 3 epochs
Epoch 24/60, Train Loss: 766076.7683, Val Loss: 28822.4130
New best model saved with validation loss: 28822.4130
Epoch 25/60, Train Loss: 498707.9537, Val Loss: 91196.8225
No improvement for 1 epochs
Epoch 26/60, Train Loss: 746996.0665, Val Loss: 26993.9732
New best model saved with validation loss: 26993.9732
Epoch 27/60, Train Loss: 779732.5981, Val Loss: 112097.4061
No improvement for 1 epochs
Epoch 28/60, Train Loss: 651794.2657, Val Loss: 43712.5487
No improvement for 2 epochs
Epoch 29/60, Train Loss: 677739.6605, Val Loss: 60159.3643
No improvement for 3 epochs
Epoch 30/60, Train Loss: 716188.4761, Val Loss: 62745.4384
No improvement for 4 epochs
Epoch 31/60, Train Loss: 771886.8655, Val Loss: 39722.9345
No improvement for 5 epochs
Epoch 32/60, Train Loss: 647908.7235, Val Loss: 148957.9876
No improvement for 6 epochs
Epoch 33/60, Train Loss: 641180.8824, Val Loss: 53826.0538
No improvement for 7 epochs
Epoch 34/60, Train Loss: 608522.7259, Val Loss: 26495.1489
New best model saved with validation loss: 26495.1489
Epoch 35/60, Train Loss: 571035.1298, Val Loss: 48487.9840
No improvement for 1 epochs
Epoch 36/60, Train Loss: 547209.8558, Val Loss: 28245.6241
No improvement for 2 epochs
Epoch 37/60, Train Loss: 568408.5821, Val Loss: 22403.9402
New best model saved with validation loss: 22403.9402
Epoch 38/60, Train Loss: 696728.9559, Val Loss: 39828.4728
No improvement for 1 epochs
Epoch 39/60, Train Loss: 610959.4787, Val Loss: 138390.0189
No improvement for 2 epochs
Epoch 40/60, Train Loss: 593854.5815, Val Loss: 19849.0484
New best model saved with validation loss: 19849.0484
Epoch 41/60, Train Loss: 522811.9518, Val Loss: 24026.3028
No improvement for 1 epochs
Epoch 42/60, Train Loss: 473244.4663, Val Loss: 47956.5271
No improvement for 2 epochs
Epoch 43/60, Train Loss: 544164.8864, Val Loss: 103674.4066
No improvement for 3 epochs
Epoch 44/60, Train Loss: 476284.7646, Val Loss: 23030.8134
No improvement for 4 epochs
Epoch 45/60, Train Loss: 654311.2556, Val Loss: 156610.5116
No improvement for 5 epochs
Epoch 46/60, Train Loss: 658809.7560, Val Loss: 27104.3163
No improvement for 6 epochs
Epoch 47/60, Train Loss: 553503.3508, Val Loss: 27625.2426
No improvement for 7 epochs
Epoch 48/60, Train Loss: 536383.4986, Val Loss: 27756.2168
No improvement for 8 epochs
Epoch 49/60, Train Loss: 429754.1939, Val Loss: 60063.9802
No improvement for 9 epochs
Epoch 50/60, Train Loss: 526390.7184, Val Loss: 42129.0309
No improvement for 10 epochs
Epoch 51/60, Train Loss: 437598.1857, Val Loss: 85021.5765
No improvement for 11 epochs
Epoch 52/60, Train Loss: 399145.5641, Val Loss: 25665.4942
No improvement for 12 epochs
Epoch 53/60, Train Loss: 474990.7678, Val Loss: 77192.8395
No improvement for 13 epochs
Epoch 54/60, Train Loss: 554157.1026, Val Loss: 111740.2559
No improvement for 14 epochs
Epoch 55/60, Train Loss: 438627.1025, Val Loss: 31742.6093
No improvement for 15 epochs
Early stopping triggered after 55 epochs
Training completed in 33.34 minutes
Best validation loss: 19849.0484

Evaluating model performance...
Model Evaluation Metrics (Batch: 64, Filters: [32, 64, 128]):
Mean Squared Error: 166665.3125
Mean Absolute Error: 288.9479
R² Score: 0.9832

================================================================================
STARTING EXPERIMENT: Batch Size = 64, Filters = [16, 32, 64]
================================================================================

Model initialized with filters: [16, 32, 64]

Starting training...
Epoch 1/60, Train Loss: 9271600.8582, Val Loss: 1821550.6726
New best model saved with validation loss: 1821550.6726
Epoch 2/60, Train Loss: 9250226.7088, Val Loss: 1815383.0476
New best model saved with validation loss: 1815383.0476
Epoch 3/60, Train Loss: 9196655.3136, Val Loss: 1794907.8036
New best model saved with validation loss: 1794907.8036
Epoch 4/60, Train Loss: 9096509.3257, Val Loss: 1766945.6062
New best model saved with validation loss: 1766945.6062
Epoch 5/60, Train Loss: 8945117.9483, Val Loss: 1716645.9772
New best model saved with validation loss: 1716645.9772
Epoch 6/60, Train Loss: 8751799.9167, Val Loss: 1676647.6796
New best model saved with validation loss: 1676647.6796
Epoch 7/60, Train Loss: 8482843.9439, Val Loss: 1619139.5923
New best model saved with validation loss: 1619139.5923
Epoch 8/60, Train Loss: 8209677.0461, Val Loss: 1515657.5754
New best model saved with validation loss: 1515657.5754
Epoch 9/60, Train Loss: 7870671.8725, Val Loss: 1486311.1890
New best model saved with validation loss: 1486311.1890
Epoch 10/60, Train Loss: 7446259.5417, Val Loss: 1258130.0997
New best model saved with validation loss: 1258130.0997
Epoch 11/60, Train Loss: 6875229.4714, Val Loss: 1212042.2113
New best model saved with validation loss: 1212042.2113
Epoch 12/60, Train Loss: 6300529.8270, Val Loss: 1063742.2753
New best model saved with validation loss: 1063742.2753
Epoch 13/60, Train Loss: 5798769.7920, Val Loss: 1003840.8259
New best model saved with validation loss: 1003840.8259
Epoch 14/60, Train Loss: 5163419.8309, Val Loss: 951401.1359
New best model saved with validation loss: 951401.1359
Epoch 15/60, Train Loss: 4425830.9917, Val Loss: 784353.2307
New best model saved with validation loss: 784353.2307
Epoch 16/60, Train Loss: 3947493.8348, Val Loss: 721758.1267
New best model saved with validation loss: 721758.1267
Epoch 17/60, Train Loss: 3279654.9538, Val Loss: 465869.9361
New best model saved with validation loss: 465869.9361
Epoch 18/60, Train Loss: 2814680.7778, Val Loss: 427441.3614
New best model saved with validation loss: 427441.3614
Epoch 19/60, Train Loss: 2615778.4012, Val Loss: 272787.1504
New best model saved with validation loss: 272787.1504
Epoch 20/60, Train Loss: 2017773.6776, Val Loss: 253774.4179
New best model saved with validation loss: 253774.4179
Epoch 21/60, Train Loss: 1721072.2915, Val Loss: 92162.7188
New best model saved with validation loss: 92162.7188
Epoch 22/60, Train Loss: 1665864.5838, Val Loss: 178639.9756
No improvement for 1 epochs
Epoch 23/60, Train Loss: 1166849.2134, Val Loss: 168616.8774
No improvement for 2 epochs
Epoch 24/60, Train Loss: 1034325.6922, Val Loss: 106835.1600
No improvement for 3 epochs
Epoch 25/60, Train Loss: 1048283.9082, Val Loss: 94561.4293
No improvement for 4 epochs
Epoch 26/60, Train Loss: 893495.1657, Val Loss: 32813.0384
New best model saved with validation loss: 32813.0384
Epoch 27/60, Train Loss: 670427.8930, Val Loss: 76603.6856
No improvement for 1 epochs
Epoch 28/60, Train Loss: 898066.6240, Val Loss: 34538.5536
No improvement for 2 epochs
Epoch 29/60, Train Loss: 870139.9643, Val Loss: 56575.7845
No improvement for 3 epochs
Epoch 30/60, Train Loss: 609214.0589, Val Loss: 38944.5222
No improvement for 4 epochs
Epoch 31/60, Train Loss: 854138.4288, Val Loss: 295960.8715
No improvement for 5 epochs
Epoch 32/60, Train Loss: 1140327.3849, Val Loss: 93837.8000
No improvement for 6 epochs
Epoch 33/60, Train Loss: 756994.4347, Val Loss: 75632.6171
No improvement for 7 epochs
Epoch 34/60, Train Loss: 584225.7032, Val Loss: 40897.7397
No improvement for 8 epochs
Epoch 35/60, Train Loss: 688463.0858, Val Loss: 67311.2570
No improvement for 9 epochs
Epoch 36/60, Train Loss: 631360.0808, Val Loss: 33034.4500
No improvement for 10 epochs
Epoch 37/60, Train Loss: 656157.3528, Val Loss: 76265.7878
No improvement for 11 epochs
Epoch 38/60, Train Loss: 680304.3397, Val Loss: 36039.1000
No improvement for 12 epochs
Epoch 39/60, Train Loss: 630727.1954, Val Loss: 23420.2148
New best model saved with validation loss: 23420.2148
Epoch 40/60, Train Loss: 584232.3140, Val Loss: 24914.0974
No improvement for 1 epochs
Epoch 41/60, Train Loss: 708294.7945, Val Loss: 23196.1785
New best model saved with validation loss: 23196.1785
Epoch 42/60, Train Loss: 527032.5619, Val Loss: 47541.7137
No improvement for 1 epochs
Epoch 43/60, Train Loss: 777761.1300, Val Loss: 106783.7562
No improvement for 2 epochs
Epoch 44/60, Train Loss: 730432.0389, Val Loss: 23728.2966
No improvement for 3 epochs
Epoch 45/60, Train Loss: 660056.6340, Val Loss: 53084.1924
No improvement for 4 epochs
Epoch 46/60, Train Loss: 592354.8936, Val Loss: 40827.9937
No improvement for 5 epochs
Epoch 47/60, Train Loss: 564412.4173, Val Loss: 52393.2338
No improvement for 6 epochs
Epoch 48/60, Train Loss: 659796.9503, Val Loss: 32450.9792
No improvement for 7 epochs
Epoch 49/60, Train Loss: 621026.3307, Val Loss: 21267.2443
New best model saved with validation loss: 21267.2443
Epoch 50/60, Train Loss: 505235.4032, Val Loss: 32699.4401
No improvement for 1 epochs
Epoch 51/60, Train Loss: 642780.7690, Val Loss: 31499.7962
No improvement for 2 epochs
Epoch 52/60, Train Loss: 598888.6733, Val Loss: 19798.7091
New best model saved with validation loss: 19798.7091
Epoch 53/60, Train Loss: 719889.5681, Val Loss: 23773.4230
No improvement for 1 epochs
Epoch 54/60, Train Loss: 626296.1732, Val Loss: 35371.0095
No improvement for 2 epochs
Epoch 55/60, Train Loss: 665722.7951, Val Loss: 141996.5482
No improvement for 3 epochs
Epoch 56/60, Train Loss: 676509.5285, Val Loss: 37713.8735
No improvement for 4 epochs
Epoch 57/60, Train Loss: 565761.3368, Val Loss: 23934.1579
No improvement for 5 epochs
Epoch 58/60, Train Loss: 543483.5257, Val Loss: 31418.4032
No improvement for 6 epochs
Epoch 59/60, Train Loss: 553273.3300, Val Loss: 39968.6405
No improvement for 7 epochs
Epoch 60/60, Train Loss: 567634.3214, Val Loss: 57405.2148
No improvement for 8 epochs
Training completed in 19.98 minutes
Best validation loss: 19798.7091

Evaluating model performance...
Model Evaluation Metrics (Batch: 64, Filters: [16, 32, 64]):
Mean Squared Error: 133000.3750
Mean Absolute Error: 222.4505
R² Score: 0.9866

================================================================================
STARTING EXPERIMENT: Batch Size = 64, Filters = [64, 128, 256]
================================================================================

Model initialized with filters: [64, 128, 256]

Starting training...
Epoch 1/60, Train Loss: 9250196.6825, Val Loss: 1819960.6652
New best model saved with validation loss: 1819960.6652
Epoch 2/60, Train Loss: 9127562.3334, Val Loss: 1777206.5129
New best model saved with validation loss: 1777206.5129
Epoch 3/60, Train Loss: 8827405.7472, Val Loss: 1661259.9147
New best model saved with validation loss: 1661259.9147
Epoch 4/60, Train Loss: 8367000.0726, Val Loss: 1576157.1200
New best model saved with validation loss: 1576157.1200
Epoch 5/60, Train Loss: 7663615.3659, Val Loss: 1324123.7520
New best model saved with validation loss: 1324123.7520
Epoch 6/60, Train Loss: 6845128.5053, Val Loss: 1132509.7346
New best model saved with validation loss: 1132509.7346
Epoch 7/60, Train Loss: 5759053.3566, Val Loss: 1000335.2862
New best model saved with validation loss: 1000335.2862
Epoch 8/60, Train Loss: 4661333.7158, Val Loss: 836371.6300
New best model saved with validation loss: 836371.6300
Epoch 9/60, Train Loss: 3535386.6650, Val Loss: 588944.2279
New best model saved with validation loss: 588944.2279
Epoch 10/60, Train Loss: 2557391.4107, Val Loss: 140341.4680
New best model saved with validation loss: 140341.4680
Epoch 11/60, Train Loss: 1837455.8648, Val Loss: 167217.0007
No improvement for 1 epochs
Epoch 12/60, Train Loss: 1362175.3876, Val Loss: 62934.9869
New best model saved with validation loss: 62934.9869
Epoch 13/60, Train Loss: 992321.3240, Val Loss: 38846.6980
New best model saved with validation loss: 38846.6980
Epoch 14/60, Train Loss: 1132885.0897, Val Loss: 62445.5430
No improvement for 1 epochs
Epoch 15/60, Train Loss: 728060.4389, Val Loss: 169653.0589
No improvement for 2 epochs
Epoch 16/60, Train Loss: 977360.6885, Val Loss: 36469.7877
New best model saved with validation loss: 36469.7877
Epoch 17/60, Train Loss: 785035.1083, Val Loss: 186985.6576
No improvement for 1 epochs
Epoch 18/60, Train Loss: 934149.8310, Val Loss: 64501.9352
No improvement for 2 epochs
Epoch 19/60, Train Loss: 733326.6505, Val Loss: 82991.5299
No improvement for 3 epochs
Epoch 20/60, Train Loss: 758860.9860, Val Loss: 65764.3534
No improvement for 4 epochs
Epoch 21/60, Train Loss: 891217.5429, Val Loss: 194597.2613
No improvement for 5 epochs
Epoch 22/60, Train Loss: 835119.3287, Val Loss: 53214.1942
No improvement for 6 epochs
Epoch 23/60, Train Loss: 645227.3464, Val Loss: 34100.9351
New best model saved with validation loss: 34100.9351
Epoch 24/60, Train Loss: 765431.1555, Val Loss: 153846.3025
No improvement for 1 epochs
Epoch 25/60, Train Loss: 685305.4488, Val Loss: 29407.9199
New best model saved with validation loss: 29407.9199
Epoch 26/60, Train Loss: 546359.5444, Val Loss: 38653.9343
No improvement for 1 epochs
Epoch 27/60, Train Loss: 615509.7978, Val Loss: 18743.6380
New best model saved with validation loss: 18743.6380
Epoch 28/60, Train Loss: 584995.3265, Val Loss: 44121.2407
No improvement for 1 epochs
Epoch 29/60, Train Loss: 592381.3230, Val Loss: 95688.4640
No improvement for 2 epochs
Epoch 30/60, Train Loss: 579300.6126, Val Loss: 70237.8983
No improvement for 3 epochs
Epoch 31/60, Train Loss: 521455.9371, Val Loss: 31579.1946
No improvement for 4 epochs
Epoch 32/60, Train Loss: 642544.2232, Val Loss: 94747.4260
No improvement for 5 epochs
Epoch 33/60, Train Loss: 521625.4837, Val Loss: 51218.8229
No improvement for 6 epochs
Epoch 34/60, Train Loss: 566782.5745, Val Loss: 37517.2791
No improvement for 7 epochs
Epoch 35/60, Train Loss: 629557.1032, Val Loss: 20825.1367
No improvement for 8 epochs
Epoch 36/60, Train Loss: 544295.0773, Val Loss: 115852.3092
No improvement for 9 epochs
Epoch 37/60, Train Loss: 560547.4776, Val Loss: 30024.1732
No improvement for 10 epochs
Epoch 38/60, Train Loss: 584183.4023, Val Loss: 72360.3559
No improvement for 11 epochs
Epoch 39/60, Train Loss: 549909.6766, Val Loss: 74304.4123
No improvement for 12 epochs
Epoch 40/60, Train Loss: 533479.5186, Val Loss: 29379.0974
No improvement for 13 epochs
Epoch 41/60, Train Loss: 420981.3959, Val Loss: 46349.1945
No improvement for 14 epochs
Epoch 42/60, Train Loss: 466957.1778, Val Loss: 19050.2570
No improvement for 15 epochs
Early stopping triggered after 42 epochs
Training completed in 52.57 minutes
Best validation loss: 18743.6380

Evaluating model performance...
Model Evaluation Metrics (Batch: 64, Filters: [64, 128, 256]):
Mean Squared Error: 190545.0000
Mean Absolute Error: 231.3779
R² Score: 0.9807

================================================================================
STARTING EXPERIMENT: Batch Size = 64, Filters = [128, 256, 512]
================================================================================

Model initialized with filters: [128, 256, 512]

Starting training...
Epoch 1/60, Train Loss: 9222219.4665, Val Loss: 1814082.2530
New best model saved with validation loss: 1814082.2530
Epoch 2/60, Train Loss: 8968201.1343, Val Loss: 1751194.1255
New best model saved with validation loss: 1751194.1255
Epoch 3/60, Train Loss: 8378774.0020, Val Loss: 1509974.3165
New best model saved with validation loss: 1509974.3165
Epoch 4/60, Train Loss: 7475697.2255, Val Loss: 1348060.6275
New best model saved with validation loss: 1348060.6275
Epoch 5/60, Train Loss: 6183997.5265, Val Loss: 1122137.9157
New best model saved with validation loss: 1122137.9157
Epoch 6/60, Train Loss: 4824963.1642, Val Loss: 725854.7674
New best model saved with validation loss: 725854.7674
Epoch 7/60, Train Loss: 3417606.9097, Val Loss: 433926.6150
New best model saved with validation loss: 433926.6150
Epoch 8/60, Train Loss: 2095147.2344, Val Loss: 230080.3858
New best model saved with validation loss: 230080.3858
Epoch 9/60, Train Loss: 1397979.6598, Val Loss: 218601.4470
New best model saved with validation loss: 218601.4470
Epoch 10/60, Train Loss: 1140417.9033, Val Loss: 78185.9372
New best model saved with validation loss: 78185.9372
Epoch 11/60, Train Loss: 742609.1801, Val Loss: 26238.3973
New best model saved with validation loss: 26238.3973
Epoch 12/60, Train Loss: 837133.9373, Val Loss: 28072.2965
No improvement for 1 epochs
Epoch 13/60, Train Loss: 675067.9803, Val Loss: 82503.5909
No improvement for 2 epochs
Epoch 14/60, Train Loss: 787433.9091, Val Loss: 40089.1935
No improvement for 3 epochs
Epoch 15/60, Train Loss: 796837.3646, Val Loss: 42610.7743
No improvement for 4 epochs
Epoch 16/60, Train Loss: 624630.2731, Val Loss: 96680.7570
No improvement for 5 epochs
Epoch 17/60, Train Loss: 616802.8664, Val Loss: 20163.6247
New best model saved with validation loss: 20163.6247
Epoch 18/60, Train Loss: 495752.5268, Val Loss: 69631.3097
No improvement for 1 epochs
Epoch 19/60, Train Loss: 571964.9067, Val Loss: 23761.4702
No improvement for 2 epochs
Epoch 20/60, Train Loss: 623601.8634, Val Loss: 31622.3635
No improvement for 3 epochs
Epoch 21/60, Train Loss: 747964.5347, Val Loss: 166166.2781
No improvement for 4 epochs
Epoch 22/60, Train Loss: 627171.4876, Val Loss: 62523.1877
No improvement for 5 epochs
Epoch 23/60, Train Loss: 511326.7914, Val Loss: 45110.6386
No improvement for 6 epochs
Epoch 24/60, Train Loss: 673894.5067, Val Loss: 16817.1474
New best model saved with validation loss: 16817.1474
Epoch 25/60, Train Loss: 471814.9246, Val Loss: 66947.0087
No improvement for 1 epochs
Epoch 26/60, Train Loss: 714441.5130, Val Loss: 203593.4934
No improvement for 2 epochs
Epoch 27/60, Train Loss: 569040.4978, Val Loss: 36307.1926
No improvement for 3 epochs
Epoch 28/60, Train Loss: 693380.9298, Val Loss: 37427.8436
No improvement for 4 epochs
Epoch 29/60, Train Loss: 599507.1270, Val Loss: 62369.3320
No improvement for 5 epochs
Epoch 30/60, Train Loss: 565493.9024, Val Loss: 20389.5846
No improvement for 6 epochs
Epoch 31/60, Train Loss: 524376.9759, Val Loss: 43106.2536
No improvement for 7 epochs
Epoch 32/60, Train Loss: 620181.4224, Val Loss: 106608.2834
No improvement for 8 epochs
Epoch 33/60, Train Loss: 543837.4211, Val Loss: 53174.0771
No improvement for 9 epochs
Epoch 34/60, Train Loss: 473917.6070, Val Loss: 34139.3104
No improvement for 10 epochs
Epoch 35/60, Train Loss: 521435.5765, Val Loss: 58882.7738
No improvement for 11 epochs
Epoch 36/60, Train Loss: 472437.5068, Val Loss: 32780.8702
No improvement for 12 epochs
Epoch 37/60, Train Loss: 476262.8502, Val Loss: 37705.1023
No improvement for 13 epochs
Epoch 38/60, Train Loss: 505432.8713, Val Loss: 38662.0044
No improvement for 14 epochs
Epoch 39/60, Train Loss: 537610.7934, Val Loss: 47414.4350
No improvement for 15 epochs
Early stopping triggered after 39 epochs
Training completed in 128.62 minutes
Best validation loss: 16817.1474

Evaluating model performance...
Model Evaluation Metrics (Batch: 64, Filters: [128, 256, 512]):
Mean Squared Error: 152877.5156
Mean Absolute Error: 224.5974
R² Score: 0.9845

================================================================================
BEST CONFIGURATION:
Batch Size: 32
Filter Configuration: 128-256-512
MSE: 110733.9766, MAE: 184.4666, R²: 0.9888
Training Time: 132.82 minutes
================================================================================

All experiment results saved to: training_results/run_20250502_180544
Job finished on Sat May  3 06:32:55 +08 2025
